<?xml version="1.0" encoding="UTF-8"?>
<!-- Generated by org.testng.reporters.JUnitReportReporter -->
<testsuite hostname="LAPTOP-A6FABMK9" failures="0" tests="1" name="testcase.Testcase1" time="46.132" errors="0" timestamp="2022-06-12T21:30:53 IST" skipped="0">
  <testcase classname="testcase.Testcase1" name="login" time="46.132"/>
  <system-out/>
</testsuite> <!-- testcase.Testcase1 -->
